[LOG] System::create                           : Header version = 2.02.23. Current version = 2.02.23.
[LOG] Manager::init                            : maxchannels = 256 studioflags = 00000006 flags 00000000 extradriverdata 0000000000000000.
[LOG] SystemI::init                            : Initialize version=20223 (144645), maxchannels=256, flags=0x00020000
[LOG] SystemI::setOutputInternal               : Setting output to 'FMOD WASAPI Output'
[LOG] OutputWASAPI::init                       : Mix Format (WAVEFORMATEX): wFormatTag=0xFFFE, nChannels=2, nSamplesPerSec=48000, nAvgBytesPerSec=384000, nBlockAlign=8, wBitsPerSample=32, cbSize=22.
[LOG] OutputWASAPI::init                       : Mix Format (WAVEFORMATEXTENSIBLE): wValidBitsPerSample=32, dwChannelMask=0x00000003, SubFormat=00000003-0000-0010-8000-00AA00389B71.
[LOG] OutputWASAPI::init                       : Output buffer size: 4096 samples, latency: 0.00ms, period: 10.00ms, DSP buffer: 1024 * 4
[LOG] Thread::initThread                       : Init FMOD stream thread. Affinity: 0x4000000000000003, Priority: 0xFFFF7FFB, Stack Size: 98304, Semaphore: No, Sleep Time: 10, Looping: Yes.
[LOG] Thread::initThread                       : Init FMOD mixer thread. Affinity: 0x4000000000000001, Priority: 0xFFFF7FFA, Stack Size: 81920, Semaphore: No, Sleep Time: 0, Looping: Yes.
[LOG] AsyncManager::init                       : manager 0000025F4644E4F8 isAsync 0 updatePeriod 0.02
[LOG] AsyncManager::init                       : done
[LOG] PlaybackSystem::init                     : 
[LOG] Thread::initThread                       : Init FMOD Studio sample load thread. Affinity: 0x4000000000000003, Priority: 0xFFFF7FFD, Stack Size: 98304, Semaphore: No, Sleep Time: 1, Looping: No.
[LOG] PlaybackSystem::init                     : done
[LOG] Thread::initThread                       : Init FMOD Studio bank load thread. Affinity: 0x4000000000000003, Priority: 0xFFFF7FFD, Stack Size: 98304, Semaphore: No, Sleep Time: 1, Looping: No.
[LOG] Manager::init                            : done.
[LOG] Manager::readBank                        : fileversion = 142, compatVersion = 140 (oldest = 44, newest = 142)
[LOG] Manager::readBank                        : fileversion = 142, compatVersion = 140 (oldest = 44, newest = 142)
[LOG] Manager::readBank                        : fileversion = 142, compatVersion = 140 (oldest = 44, newest = 142)
[LOG] PlaybackSystem::acquireMasterBus         : Setting master channel group format to 6
[LOG] Manager::readBank                        : fileversion = 142, compatVersion = 140 (oldest = 44, newest = 142)
[LOG] SystemI::createSound                     : filename = Assets/NekoOdyssey/Assets/FMOD/NekoOdyssey/Build/Desktop/Ambience.bank : mode 02010082
[LOG] SystemI::createSound                     : FMOD_NONBLOCKING specified.  Putting into queue to be opened asynchronously!
[LOG] Thread::initThread                       : Init FMOD nonblocking thread (0). Affinity: 0x4000000000000003, Priority: 0xFFFF7FFC, Stack Size: 114688, Semaphore: Yes, Sleep Time: 0, Looping: Yes.
[LOG] AsyncThread::add                         : add sound to async queue : soundi = 0000025D353E8AF8, queue head = 0000025E2DE55638, queue count = 0
[LOG] AsyncThread::threadFunc                  : Starting Asynchronous operation on sound 0000025D353E8AF8
[LOG] SystemI::createSoundInternal             :     Create name='Assets/NekoOdyssey/Assets/FMOD/NekoOdyssey/Build/Desktop/Ambience.bank', mode=0x02010082
[LOG] SystemI::createSoundInternal             :     exinfo->cbsize             = 224
[LOG] SystemI::createSoundInternal             :     exinfo->length             = 3741952
[LOG] SystemI::createSoundInternal             :     exinfo->fileoffset         = 10048
[LOG] SystemI::createSoundInternal             :     exinfo->numsubsounds       = 1
[LOG] SystemI::createSoundInternal             :     exinfo->inclusionlist      = 0000025E7ECCBF70
[LOG] SystemI::createSoundInternal             :     exinfo->inclusionlistnum   = 1
[LOG] SystemI::createSoundInternal             :     exinfo->suggestedsoundtype = 5
[LOG] SystemI::createSoundInternal             :     exinfo->initialseekpostype = 1
[LOG] SystemI::createSoundInternal             :     Stream 0/1: name='SeaAndBird', format=5, channels=2, frequency=48000, lengthbytes=394656, lengthpcm=1532904, pcmblocksize=0, loopstart=0, loopend=0, mode=0x00000000, channelmask=0x00000000, channelorder=0, peakvolume=0.050287.
[LOG] Thread::initThread                       :     Init FMOD file thread. Affinity: 0x4000000000000003, Priority: 0xFFFF7FFC, Stack Size: 65536, Semaphore: No, Sleep Time: 10, Looping: Yes.
[LOG] AsyncThread::threadFunc                  : Finished Asynchronous operation on sound 0000025D353E8AF8
[LOG] SystemI::createSound                     : filename = Assets/NekoOdyssey/Assets/FMOD/NekoOdyssey/Build/Desktop/Ambience.bank : mode 02010082
[LOG] SystemI::createSound                     : FMOD_NONBLOCKING specified.  Putting into queue to be opened asynchronously!
[LOG] AsyncThread::add                         : add sound to async queue : soundi = 0000025D353F1C18, queue head = 0000025E2DE55638, queue count = 0
[LOG] SystemI::createSound                     : filename = Assets/NekoOdyssey/Assets/FMOD/NekoOdyssey/Build/Desktop/Ambience.bank : mode 02010082
[LOG] SystemI::createSound                     : FMOD_NONBLOCKING specified.  Putting into queue to be opened asynchronously!
[LOG] AsyncThread::add                         : add sound to async queue : soundi = 0000025D353F33B8, queue head = 0000025E2DE55638, queue count = 1
[LOG] AsyncThread::threadFunc                  : Starting Asynchronous operation on sound 0000025D353F1C18
[LOG] SystemI::createSoundInternal             :     Create name='Assets/NekoOdyssey/Assets/FMOD/NekoOdyssey/Build/Desktop/Ambience.bank', mode=0x02010082
[LOG] SystemI::createSoundInternal             :     exinfo->cbsize             = 224
[LOG] SystemI::createSoundInternal             :     exinfo->length             = 3741952
[LOG] SystemI::createSoundInternal             :     exinfo->fileoffset         = 10048
[LOG] SystemI::createSoundInternal             :     exinfo->numsubsounds       = 1
[LOG] SystemI::createSoundInternal             :     exinfo->inclusionlist      = 0000025E7EBBAAA0
[LOG] SystemI::createSoundInternal             :     exinfo->inclusionlistnum   = 1
[LOG] SystemI::createSoundInternal             :     exinfo->suggestedsoundtype = 5
[LOG] SystemI::createSoundInternal             :     exinfo->initialseekpostype = 1
[LOG] SystemI::createSoundInternal             :     Stream 0/1: name='SeaAndBird', format=5, channels=2, frequency=48000, lengthbytes=394656, lengthpcm=1532904, pcmblocksize=0, loopstart=0, loopend=0, mode=0x00000000, channelmask=0x00000000, channelorder=0, peakvolume=0.050287.
[LOG] AsyncThread::threadFunc                  : Finished Asynchronous operation on sound 0000025D353F1C18
[LOG] AsyncThread::threadFunc                  : Starting Asynchronous operation on sound 0000025D353F33B8
[LOG] SystemI::createSoundInternal             :     Create name='Assets/NekoOdyssey/Assets/FMOD/NekoOdyssey/Build/Desktop/Ambience.bank', mode=0x02010082
[LOG] SystemI::createSoundInternal             :     exinfo->cbsize             = 224
[LOG] SystemI::createSoundInternal             :     exinfo->length             = 3741952
[LOG] SystemI::createSoundInternal             :     exinfo->fileoffset         = 10048
[LOG] SystemI::createSoundInternal             :     exinfo->numsubsounds       = 1
[LOG] SystemI::createSoundInternal             :     exinfo->inclusionlist      = 0000025E7EBBA460
[LOG] SystemI::createSoundInternal             :     exinfo->inclusionlistnum   = 1
[LOG] SystemI::createSoundInternal             :     exinfo->suggestedsoundtype = 5
[LOG] SystemI::createSoundInternal             :     exinfo->initialseekpostype = 1
[LOG] SystemI::createSoundInternal             :     Stream 0/1: name='Wave', format=5, channels=2, frequency=48000, lengthbytes=395744, lengthpcm=1532904, pcmblocksize=0, loopstart=0, loopend=0, mode=0x00000000, channelmask=0x00000000, channelorder=0, peakvolume=0.048256.
[LOG] AsyncThread::threadFunc                  : Finished Asynchronous operation on sound 0000025D353F33B8
[LOG] SoundI::release                          : Wave (0000025D353F33B8)
[LOG] SoundI::release                          :     Wave (0000025D26AA93A8)
[LOG] SoundI::release                          :     Wave (0000025D353EE108)
[LOG] SoundI::release                          : SeaAndBird (0000025D353F1C18)
[LOG] SoundI::release                          :     SeaAndBird (0000025D26AA8D28)
[LOG] SoundI::release                          :     SeaAndBird (0000025D353F1048)
[LOG] SoundI::release                          : SeaAndBird (0000025D353E8AF8)
[LOG] SoundI::release                          :     SeaAndBird (0000025D26AA9548)
[LOG] SoundI::release                          :     SeaAndBird (0000025D353E9008)
[WRN] ObjectLookup::get                        : Lookup failed for EventModel: {00000000-0000-0000-0000-000000000000}
[LOG] SystemI::createSound                     : filename = Assets/NekoOdyssey/Assets/FMOD/NekoOdyssey/Build/Desktop/BGM.bank : mode 02010082
[LOG] SystemI::createSound                     : FMOD_NONBLOCKING specified.  Putting into queue to be opened asynchronously!
[LOG] AsyncThread::add                         : add sound to async queue : soundi = 0000025D34C4F388, queue head = 0000025E2DE55638, queue count = 0
[LOG] SystemI::createSound                     : filename = Assets/NekoOdyssey/Assets/FMOD/NekoOdyssey/Build/Desktop/Ambience.bank : mode 02010082
[LOG] SystemI::createSound                     : FMOD_NONBLOCKING specified.  Putting into queue to be opened asynchronously!
[LOG] AsyncThread::add                         : add sound to async queue : soundi = 0000025D34C50B28, queue head = 0000025E2DE55638, queue count = 1
[LOG] SystemI::createSound                     : filename = Assets/NekoOdyssey/Assets/FMOD/NekoOdyssey/Build/Desktop/BGM.bank : mode 02010082
[LOG] AsyncThread::threadFunc                  : Starting Asynchronous operation on sound 0000025D34C4F388
[LOG] SystemI::createSound                     : FMOD_NONBLOCKING specified.  Putting into queue to be opened asynchronously!
[LOG] SystemI::createSoundInternal             :     Create name='Assets/NekoOdyssey/Assets/FMOD/NekoOdyssey/Build/Desktop/BGM.bank', mode=0x02010082
[LOG] AsyncThread::add                         :     add sound to async queue : soundi = 0000025D34C507C8, queue head = 0000025E2DE55638, queue count = 1
[LOG] SystemI::createSoundInternal             :     exinfo->cbsize             = 224
[LOG] SystemI::createSoundInternal             :     exinfo->length             = 4632896
[LOG] SystemI::createSoundInternal             :     exinfo->fileoffset         = 9280
[LOG] SystemI::createSound                     :     filename = Assets/NekoOdyssey/Assets/FMOD/NekoOdyssey/Build/Desktop/BGM.bank : mode 02010082
[LOG] SystemI::createSoundInternal             :     exinfo->numsubsounds       = 1
[LOG] SystemI::createSound                     :     FMOD_NONBLOCKING specified.  Putting into queue to be opened asynchronously!
[LOG] SystemI::createSoundInternal             :     exinfo->inclusionlist      = 0000025E7ECCB6B0
[LOG] AsyncThread::add                         :     add sound to async queue : soundi = 0000025D34C51038, queue head = 0000025E2DE55638, queue count = 2
[LOG] SystemI::createSoundInternal             :     exinfo->inclusionlistnum   = 1
[LOG] SystemI::createSoundInternal             :     exinfo->suggestedsoundtype = 5
[LOG] SystemI::createSoundInternal             :     exinfo->initialseekpostype = 1
[LOG] SystemI::createSound                     :     filename = Assets/NekoOdyssey/Assets/FMOD/NekoOdyssey/Build/Desktop/Ambience.bank : mode 02010082
[LOG] SystemI::createSound                     :     FMOD_NONBLOCKING specified.  Putting into queue to be opened asynchronously!
[LOG] AsyncThread::add                         :     add sound to async queue : soundi = 0000025D34C51398, queue head = 0000025E2DE55638, queue count = 3
[LOG] SystemI::createSound                     :     filename = Assets/NekoOdyssey/Assets/FMOD/NekoOdyssey/Build/Desktop/Ambience.bank : mode 02010082
[LOG] SystemI::createSound                     :     FMOD_NONBLOCKING specified.  Putting into queue to be opened asynchronously!
[LOG] AsyncThread::add                         :     add sound to async queue : soundi = 0000025D34C516F8, queue head = 0000025E2DE55638, queue count = 4
[LOG] SystemI::createSoundInternal             :     Stream 0/1: name='BGM Night town [Dim Sound]', format=5, channels=2, frequency=48000, lengthbytes=1085088, lengthpcm=4166809, pcmblocksize=0, loopstart=0, loopend=0, mode=0x00000000, channelmask=0x00000000, channelorder=0, peakvolume=0.145840.
[LOG] AsyncThread::threadFunc                  : Finished Asynchronous operation on sound 0000025D34C4F388
[LOG] AsyncThread::threadFunc                  : Starting Asynchronous operation on sound 0000025D34C50B28
[LOG] SystemI::createSoundInternal             :     Create name='Assets/NekoOdyssey/Assets/FMOD/NekoOdyssey/Build/Desktop/Ambience.bank', mode=0x02010082
[LOG] SystemI::createSoundInternal             :     exinfo->cbsize             = 224
[LOG] SystemI::createSoundInternal             :     exinfo->length             = 3741952
[LOG] SystemI::createSoundInternal             :     exinfo->fileoffset         = 10048
[LOG] SystemI::createSoundInternal             :     exinfo->numsubsounds       = 1
[LOG] SystemI::createSoundInternal             :     exinfo->inclusionlist      = 0000025E7ECCBA70
[LOG] SystemI::createSoundInternal             :     exinfo->inclusionlistnum   = 1
[LOG] SystemI::createSoundInternal             :     exinfo->suggestedsoundtype = 5
[LOG] SystemI::createSoundInternal             :     exinfo->initialseekpostype = 1
[LOG] SystemI::createSoundInternal             :     Stream 0/1: name='Night Forest Owl Amb', format=5, channels=2, frequency=48000, lengthbytes=378144, lengthpcm=1440000, pcmblocksize=0, loopstart=0, loopend=0, mode=0x00000000, channelmask=0x00000000, channelorder=0, peakvolume=0.144870.
[LOG] AsyncThread::threadFunc                  : Finished Asynchronous operation on sound 0000025D34C50B28
[LOG] AsyncThread::threadFunc                  : Starting Asynchronous operation on sound 0000025D34C507C8
[LOG] SystemI::createSoundInternal             :     Create name='Assets/NekoOdyssey/Assets/FMOD/NekoOdyssey/Build/Desktop/BGM.bank', mode=0x02010082
[LOG] SystemI::createSoundInternal             :     exinfo->cbsize             = 224
[LOG] SystemI::createSoundInternal             :     exinfo->length             = 4632896
[LOG] SystemI::createSoundInternal             :     exinfo->fileoffset         = 9280
[LOG] SystemI::createSoundInternal             :     exinfo->numsubsounds       = 1
[LOG] SystemI::createSoundInternal             :     exinfo->inclusionlist      = 0000025E7ECCB1B0
[LOG] SystemI::createSoundInternal             :     exinfo->inclusionlistnum   = 1
[LOG] SystemI::createSoundInternal             :     exinfo->suggestedsoundtype = 5
[LOG] SystemI::createSoundInternal             :     exinfo->initialseekpostype = 1
[LOG] SystemI::createSoundInternal             :     Stream 0/1: name='BGM Town Walking [Dim Sound]', format=5, channels=2, frequency=48000, lengthbytes=1222080, lengthpcm=4096000, pcmblocksize=0, loopstart=0, loopend=0, mode=0x00000000, channelmask=0x00000000, channelorder=0, peakvolume=0.599935.
[LOG] AsyncThread::threadFunc                  : Finished Asynchronous operation on sound 0000025D34C507C8
[LOG] AsyncThread::threadFunc                  : Starting Asynchronous operation on sound 0000025D34C51038
[LOG] SystemI::createSoundInternal             :     Create name='Assets/NekoOdyssey/Assets/FMOD/NekoOdyssey/Build/Desktop/BGM.bank', mode=0x02010082
[LOG] SystemI::createSoundInternal             :     exinfo->cbsize             = 224
[LOG] SystemI::createSoundInternal             :     exinfo->length             = 4632896
[LOG] SystemI::createSoundInternal             :     exinfo->fileoffset         = 9280
[LOG] SystemI::createSoundInternal             :     exinfo->numsubsounds       = 1
[LOG] SystemI::createSoundInternal             :     exinfo->inclusionlist      = 0000025E7ECCBE30
[LOG] SystemI::createSoundInternal             :     exinfo->inclusionlistnum   = 1
[LOG] SystemI::createSoundInternal             :     exinfo->suggestedsoundtype = 5
[LOG] SystemI::createSoundInternal             :     exinfo->initialseekpostype = 1
[LOG] SystemI::createSoundInternal             :     Stream 0/1: name='BGM Evening Town {Dim Sound]', format=5, channels=2, frequency=48000, lengthbytes=1102720, lengthpcm=4114286, pcmblocksize=0, loopstart=0, loopend=0, mode=0x00000000, channelmask=0x00000000, channelorder=0, peakvolume=0.373242.
[LOG] AsyncThread::threadFunc                  : Finished Asynchronous operation on sound 0000025D34C51038
[LOG] AsyncThread::threadFunc                  : Starting Asynchronous operation on sound 0000025D34C51398
[LOG] SystemI::createSoundInternal             :     Create name='Assets/NekoOdyssey/Assets/FMOD/NekoOdyssey/Build/Desktop/Ambience.bank', mode=0x02010082
[LOG] SystemI::createSoundInternal             :     exinfo->cbsize             = 224
[LOG] SystemI::createSoundInternal             :     exinfo->length             = 3741952
[LOG] SystemI::createSoundInternal             :     exinfo->fileoffset         = 10048
[LOG] SystemI::createSoundInternal             :     exinfo->numsubsounds       = 1
[LOG] SystemI::createSoundInternal             :     exinfo->inclusionlist      = 0000025E7ECCBBB0
[LOG] SystemI::createSoundInternal             :     exinfo->inclusionlistnum   = 1
[LOG] SystemI::createSoundInternal             :     exinfo->suggestedsoundtype = 5
[LOG] SystemI::createSoundInternal             :     exinfo->initialseekpostype = 1
[LOG] SystemI::createSoundInternal             :     Stream 0/1: name='Evening Crow Amb', format=5, channels=2, frequency=48000, lengthbytes=379328, lengthpcm=1440000, pcmblocksize=0, loopstart=0, loopend=0, mode=0x00000000, channelmask=0x00000000, channelorder=0, peakvolume=0.123166.
[LOG] AsyncThread::threadFunc                  : Finished Asynchronous operation on sound 0000025D34C51398
[LOG] AsyncThread::threadFunc                  : Starting Asynchronous operation on sound 0000025D34C516F8
[LOG] SystemI::createSoundInternal             :     Create name='Assets/NekoOdyssey/Assets/FMOD/NekoOdyssey/Build/Desktop/Ambience.bank', mode=0x02010082
[LOG] SystemI::createSoundInternal             :     exinfo->cbsize             = 224
[LOG] SystemI::createSoundInternal             :     exinfo->length             = 3741952
[LOG] SystemI::createSoundInternal             :     exinfo->fileoffset         = 10048
[LOG] SystemI::createSoundInternal             :     exinfo->numsubsounds       = 1
[LOG] SystemI::createSoundInternal             :     exinfo->inclusionlist      = 0000025E7ECCBCF0
[LOG] SystemI::createSoundInternal             :     exinfo->inclusionlistnum   = 1
[LOG] SystemI::createSoundInternal             :     exinfo->suggestedsoundtype = 5
[LOG] SystemI::createSoundInternal             :     exinfo->initialseekpostype = 1
[LOG] SystemI::createSoundInternal             :     Stream 0/1: name='Morning Bird Amb', format=5, channels=2, frequency=48000, lengthbytes=368960, lengthpcm=1440000, pcmblocksize=0, loopstart=0, loopend=0, mode=0x00000000, channelmask=0x00000000, channelorder=0, peakvolume=0.231785.
[LOG] AsyncThread::threadFunc                  : Finished Asynchronous operation on sound 0000025D34C516F8
[LOG] AsyncThread::add                         : add sound to async queue : soundi = 0000025D35B72E68, queue head = 0000025E2DE55638, queue count = 0
[LOG] AsyncThread::threadFunc                  : Starting Asynchronous operation on sound 0000025D35B72E68
[LOG] AsyncThread::threadFunc                  : Finished Asynchronous operation on sound 0000025D35B72E68
[LOG] SoundI::release                          : Evening Crow Amb (0000025D34C51398)
[LOG] SoundI::release                          :     Evening Crow Amb (0000025D26AA6CA8)
[LOG] SoundI::release                          :     Evening Crow Amb (0000025D35B72E68)
[LOG] SoundI::release                          : BGM Evening Town {Dim Sound] (0000025D34C51038)
[LOG] SoundI::release                          :     BGM Evening Town {Dim Sound] (0000025D26AAA0A8)
[LOG] SoundI::release                          :     BGM Evening Town {Dim Sound] (0000025D35B6F6B8)
[LOG] SoundI::release                          : Night Forest Owl Amb (0000025D34C50B28)
[LOG] SoundI::release                          :     Night Forest Owl Amb (0000025D26AA7E88)
[LOG] SoundI::release                          :     Night Forest Owl Amb (0000025D34C4AE58)
[LOG] SoundI::release                          : BGM Night town [Dim Sound] (0000025D34C4F388)
[LOG] SoundI::release                          :     BGM Night town [Dim Sound] (0000025D26AA9208)
[LOG] SoundI::release                          :     BGM Night town [Dim Sound] (0000025D34C4ACA8)
[LOG] SystemI::createSoundInternal             : Create name='', mode=0x02000202
[LOG] SystemI::createSoundInternal             : exinfo->cbsize             = 224
[LOG] SystemI::createSoundInternal             : exinfo->length             = 275680
[LOG] SystemI::createSoundInternal             : exinfo->fileoffset         = 16384
[LOG] SystemI::createSoundInternal             : exinfo->numsubsounds       = 1
[LOG] SystemI::createSoundInternal             : exinfo->inclusionlist      = 000000F4D504F2F8
[LOG] SystemI::createSoundInternal             : exinfo->inclusionlistnum   = 1
[LOG] SystemI::createSoundInternal             : exinfo->suggestedsoundtype = 5
[LOG] SystemI::createSoundInternal             : exinfo->useropen           = 00007FFCE5C14130
[LOG] SystemI::createSoundInternal             : exinfo->userclose          = 00007FFCE5C140F0
[LOG] SystemI::createSoundInternal             : exinfo->userread           = 00007FFCE5C14210
[LOG] SystemI::createSoundInternal             : exinfo->userseek           = 00007FFCE5C142D0
[LOG] SystemI::createSoundInternal             : exinfo->fileuserdata       = 0000025D8751ADE8
[LOG] SystemI::createSoundInternal             : exinfo->initialseekpostype = 1
[LOG] SystemI::DSPCodecPoolRegister            : register codec pool for pool type 5
[LOG] SystemI::createSoundInternal             : Sample 0/1: name='SFX Footstep 02', format=5, channels=1, frequency=48000, lengthbytes=1696, lengthpcm=10033, pcmblocksize=0, loopstart=0, loopend=0, mode=0x00000000, channelmask=0x00000000, channelorder=0, peakvolume=0.457056.
[LOG] SystemI::createSoundInternal             : Create name='', mode=0x02000202
[LOG] SystemI::createSoundInternal             : exinfo->cbsize             = 224
[LOG] SystemI::createSoundInternal             : exinfo->length             = 275680
[LOG] SystemI::createSoundInternal             : exinfo->fileoffset         = 16384
[LOG] SystemI::createSoundInternal             : exinfo->numsubsounds       = 1
[LOG] SystemI::createSoundInternal             : exinfo->inclusionlist      = 000000F4D504F2F8
[LOG] SystemI::createSoundInternal             : exinfo->inclusionlistnum   = 1
[LOG] SystemI::createSoundInternal             : exinfo->suggestedsoundtype = 5
[LOG] SystemI::createSoundInternal             : exinfo->useropen           = 00007FFCE5C14130
[LOG] SystemI::createSoundInternal             : exinfo->userclose          = 00007FFCE5C140F0
[LOG] SystemI::createSoundInternal             : exinfo->userread           = 00007FFCE5C14210
[LOG] SystemI::createSoundInternal             : exinfo->userseek           = 00007FFCE5C142D0
[LOG] SystemI::createSoundInternal             : exinfo->fileuserdata       = 0000025D8751ADE8
[LOG] SystemI::createSoundInternal             : exinfo->initialseekpostype = 1
[LOG] SystemI::DSPCodecPoolRegister            : register codec pool for pool type 5
[LOG] SystemI::createSoundInternal             : Sample 0/1: name='SFX Footstep 01', format=5, channels=1, frequency=48000, lengthbytes=1664, lengthpcm=10033, pcmblocksize=0, loopstart=0, loopend=0, mode=0x00000000, channelmask=0x00000000, channelorder=0, peakvolume=0.512251.
[LOG] SystemI::createSoundInternal             : Create name='', mode=0x02000202
[LOG] SystemI::createSoundInternal             : exinfo->cbsize             = 224
[LOG] SystemI::createSoundInternal             : exinfo->length             = 275680
[LOG] SystemI::createSoundInternal             : exinfo->fileoffset         = 16384
[LOG] SystemI::createSoundInternal             : exinfo->numsubsounds       = 1
[LOG] SystemI::createSoundInternal             : exinfo->inclusionlist      = 000000F4D504F2F8
[LOG] SystemI::createSoundInternal             : exinfo->inclusionlistnum   = 1
[LOG] SystemI::createSoundInternal             : exinfo->suggestedsoundtype = 5
[LOG] SystemI::createSoundInternal             : exinfo->useropen           = 00007FFCE5C14130
[LOG] SystemI::createSoundInternal             : exinfo->userclose          = 00007FFCE5C140F0
[LOG] SystemI::createSoundInternal             : exinfo->userread           = 00007FFCE5C14210
[LOG] SystemI::createSoundInternal             : exinfo->userseek           = 00007FFCE5C142D0
[LOG] SystemI::createSoundInternal             : exinfo->fileuserdata       = 0000025D8751ADE8
[LOG] SystemI::createSoundInternal             : exinfo->initialseekpostype = 1
[LOG] SystemI::DSPCodecPoolRegister            : register codec pool for pool type 5
[LOG] SystemI::createSoundInternal             : Sample 0/1: name='SFX Footstep 03', format=5, channels=1, frequency=48000, lengthbytes=1600, lengthpcm=10033, pcmblocksize=0, loopstart=0, loopend=0, mode=0x00000000, channelmask=0x00000000, channelorder=0, peakvolume=0.471753.
[LOG] SystemI::createSoundInternal             : Create name='', mode=0x02000202
[LOG] SystemI::createSoundInternal             : exinfo->cbsize             = 224
[LOG] SystemI::createSoundInternal             : exinfo->length             = 275680
[LOG] SystemI::createSoundInternal             : exinfo->fileoffset         = 16384
[LOG] SystemI::createSoundInternal             : exinfo->numsubsounds       = 1
[LOG] SystemI::createSoundInternal             : exinfo->inclusionlist      = 000000F4D504F2F8
[LOG] SystemI::createSoundInternal             : exinfo->inclusionlistnum   = 1
[LOG] SystemI::createSoundInternal             : exinfo->suggestedsoundtype = 5
[LOG] SystemI::createSoundInternal             : exinfo->useropen           = 00007FFCE5C14130
[LOG] SystemI::createSoundInternal             : exinfo->userclose          = 00007FFCE5C140F0
[LOG] SystemI::createSoundInternal             : exinfo->userread           = 00007FFCE5C14210
[LOG] SystemI::createSoundInternal             : exinfo->userseek           = 00007FFCE5C142D0
[LOG] SystemI::createSoundInternal             : exinfo->fileuserdata       = 0000025D8751ADE8
[LOG] SystemI::createSoundInternal             : exinfo->initialseekpostype = 1
[LOG] SystemI::DSPCodecPoolRegister            : register codec pool for pool type 5
[LOG] SystemI::createSoundInternal             : Sample 0/1: name='SFX Footstep 04', format=5, channels=1, frequency=48000, lengthbytes=1664, lengthpcm=10033, pcmblocksize=0, loopstart=0, loopend=0, mode=0x00000000, channelmask=0x00000000, channelorder=0, peakvolume=0.374830.
[LOG] SystemI::createSoundInternal             : Create name='', mode=0x02000202
[LOG] SystemI::createSoundInternal             : exinfo->cbsize             = 224
[LOG] SystemI::createSoundInternal             : exinfo->length             = 275680
[LOG] SystemI::createSoundInternal             : exinfo->fileoffset         = 16384
[LOG] SystemI::createSoundInternal             : exinfo->numsubsounds       = 1
[LOG] SystemI::createSoundInternal             : exinfo->inclusionlist      = 000000F4D504F2F8
[LOG] SystemI::createSoundInternal             : exinfo->inclusionlistnum   = 1
[LOG] SystemI::createSoundInternal             : exinfo->suggestedsoundtype = 5
[LOG] SystemI::createSoundInternal             : exinfo->useropen           = 00007FFCE5C14130
[LOG] SystemI::createSoundInternal             : exinfo->userclose          = 00007FFCE5C140F0
[LOG] SystemI::createSoundInternal             : exinfo->userread           = 00007FFCE5C14210
[LOG] SystemI::createSoundInternal             : exinfo->userseek           = 00007FFCE5C142D0
[LOG] SystemI::createSoundInternal             : exinfo->fileuserdata       = 0000025D2AA2D4A8
[LOG] SystemI::createSoundInternal             : exinfo->initialseekpostype = 1
[LOG] SystemI::DSPCodecPoolRegister            : register codec pool for pool type 5
[LOG] SystemI::createSoundInternal             : Sample 0/1: name='SFX WakeUp', format=5, channels=1, frequency=48000, lengthbytes=5792, lengthpcm=48994, pcmblocksize=0, loopstart=0, loopend=0, mode=0x00000000, channelmask=0x00000000, channelorder=0, peakvolume=0.343741.
[LOG] SystemI::createSoundInternal             : Create name='', mode=0x02000202
[LOG] SystemI::createSoundInternal             : exinfo->cbsize             = 224
[LOG] SystemI::createSoundInternal             : exinfo->length             = 275680
[LOG] SystemI::createSoundInternal             : exinfo->fileoffset         = 16384
[LOG] SystemI::createSoundInternal             : exinfo->numsubsounds       = 1
[LOG] SystemI::createSoundInternal             : exinfo->inclusionlist      = 000000F4D504F2F8
[LOG] SystemI::createSoundInternal             : exinfo->inclusionlistnum   = 1
[LOG] SystemI::createSoundInternal             : exinfo->suggestedsoundtype = 5
[LOG] SystemI::createSoundInternal             : exinfo->useropen           = 00007FFCE5C14130
[LOG] SystemI::createSoundInternal             : exinfo->userclose          = 00007FFCE5C140F0
[LOG] SystemI::createSoundInternal             : exinfo->userread           = 00007FFCE5C14210
[LOG] SystemI::createSoundInternal             : exinfo->userseek           = 00007FFCE5C142D0
[LOG] SystemI::createSoundInternal             : exinfo->fileuserdata       = 0000025D2AA2D4A8
[LOG] SystemI::createSoundInternal             : exinfo->initialseekpostype = 1
[LOG] SystemI::DSPCodecPoolRegister            : register codec pool for pool type 5
[LOG] SystemI::createSoundInternal             : Sample 0/1: name='SFX Camera Shutter v1', format=5, channels=1, frequency=48000, lengthbytes=3136, lengthpcm=13500, pcmblocksize=0, loopstart=0, loopend=0, mode=0x00000000, channelmask=0x00000000, channelorder=0, peakvolume=0.757990.
[LOG] SystemI::createSoundInternal             : Create name='', mode=0x02000202
[LOG] SystemI::createSoundInternal             : exinfo->cbsize             = 224
[LOG] SystemI::createSoundInternal             : exinfo->length             = 275680
[LOG] SystemI::createSoundInternal             : exinfo->fileoffset         = 16384
[LOG] SystemI::createSoundInternal             : exinfo->numsubsounds       = 1
[LOG] SystemI::createSoundInternal             : exinfo->inclusionlist      = 000000F4D504F2F8
[LOG] SystemI::createSoundInternal             : exinfo->inclusionlistnum   = 1
[LOG] SystemI::createSoundInternal             : exinfo->suggestedsoundtype = 5
[LOG] SystemI::createSoundInternal             : exinfo->useropen           = 00007FFCE5C14130
[LOG] SystemI::createSoundInternal             : exinfo->userclose          = 00007FFCE5C140F0
[LOG] SystemI::createSoundInternal             : exinfo->userread           = 00007FFCE5C14210
[LOG] SystemI::createSoundInternal             : exinfo->userseek           = 00007FFCE5C142D0
[LOG] SystemI::createSoundInternal             : exinfo->fileuserdata       = 0000025D2AA2D4A8
[LOG] SystemI::createSoundInternal             : exinfo->initialseekpostype = 1
[LOG] SystemI::DSPCodecPoolRegister            : register codec pool for pool type 5
[LOG] SystemI::createSoundInternal             : Sample 0/1: name='SFX Camera Shutter v2', format=5, channels=1, frequency=48000, lengthbytes=3104, lengthpcm=14250, pcmblocksize=0, loopstart=0, loopend=0, mode=0x00000000, channelmask=0x00000000, channelorder=0, peakvolume=0.738510.
[LOG] SystemI::createSound                     : filename = Assets/NekoOdyssey/Assets/FMOD/NekoOdyssey/Build/Desktop/Ambience.bank : mode 02010082
[LOG] SystemI::createSound                     : FMOD_NONBLOCKING specified.  Putting into queue to be opened asynchronously!
[LOG] AsyncThread::add                         : add sound to async queue : soundi = 0000025D35B6E278, queue head = 0000025E2DE55638, queue count = 0
[LOG] AsyncThread::threadFunc                  : Starting Asynchronous operation on sound 0000025D35B6E278
[LOG] SystemI::createSoundInternal             :     Create name='Assets/NekoOdyssey/Assets/FMOD/NekoOdyssey/Build/Desktop/Ambience.bank', mode=0x02010082
[LOG] SystemI::createSoundInternal             :     exinfo->cbsize             = 224
[LOG] SystemI::createSoundInternal             :     exinfo->length             = 3741952
[LOG] SystemI::createSoundInternal             :     exinfo->fileoffset         = 10048
[LOG] SystemI::createSoundInternal             :     exinfo->numsubsounds       = 1
[LOG] SystemI::createSoundInternal             :     exinfo->inclusionlist      = 0000025E7ECCB2F0
[LOG] SystemI::createSoundInternal             :     exinfo->inclusionlistnum   = 1
[LOG] SystemI::createSoundInternal             :     exinfo->suggestedsoundtype = 5
[LOG] SystemI::createSoundInternal             :     exinfo->initialseekpostype = 1
[LOG] SystemI::createSoundInternal             :     Stream 0/1: name='Morning Bird Amb', format=5, channels=2, frequency=48000, lengthbytes=368960, lengthpcm=1440000, pcmblocksize=0, loopstart=0, loopend=0, mode=0x00000000, channelmask=0x00000000, channelorder=0, peakvolume=0.231785.
[LOG] AsyncThread::threadFunc                  : Finished Asynchronous operation on sound 0000025D35B6E278
[LOG] SoundI::release                          : Morning Bird Amb (0000025D34C516F8)
[LOG] SoundI::release                          :     Morning Bird Amb (0000025D26AA9A28)
[LOG] SoundI::release                          :     Morning Bird Amb (0000025D35B6CFE8)
[LOG] SoundI::release                          : Morning Bird Amb (0000025D35B6E278)
[LOG] SoundI::release                          :     Morning Bird Amb (0000025D26AA67C8)
[LOG] SoundI::release                          :     Morning Bird Amb (0000025D35B6E428)
[LOG] SoundI::release                          : BGM Town Walking [Dim Sound] (0000025D34C507C8)
[LOG] SoundI::release                          :     BGM Town Walking [Dim Sound] (0000025D26AA96E8)
[LOG] SoundI::release                          :     BGM Town Walking [Dim Sound] (0000025D35B71D88)
[WRN] ObjectLookup::get                        : Lookup failed for EventModel: {00000000-0000-0000-0000-000000000000}
[LOG] SystemI::createSound                     : filename = Assets/NekoOdyssey/Assets/FMOD/NekoOdyssey/Build/Desktop/BGM.bank : mode 02010082
[LOG] SystemI::createSound                     : FMOD_NONBLOCKING specified.  Putting into queue to be opened asynchronously!
[LOG] AsyncThread::add                         : add sound to async queue : soundi = 0000025D353FD0A8, queue head = 0000025E2DE55638, queue count = 0
[LOG] SystemI::createSound                     : filename = Assets/NekoOdyssey/Assets/FMOD/NekoOdyssey/Build/Desktop/BGM.bank : mode 02010082
[LOG] SystemI::createSound                     : FMOD_NONBLOCKING specified.  Putting into queue to be opened asynchronously!
[LOG] AsyncThread::add                         : add sound to async queue : soundi = 0000025D353FCD48, queue head = 0000025E2DE55638, queue count = 1
[LOG] AsyncThread::threadFunc                  : Starting Asynchronous operation on sound 0000025D353FD0A8
[LOG] SystemI::createSound                     : filename = Assets/NekoOdyssey/Assets/FMOD/NekoOdyssey/Build/Desktop/Ambience.bank : mode 02010082
[LOG] SystemI::createSoundInternal             :     Create name='Assets/NekoOdyssey/Assets/FMOD/NekoOdyssey/Build/Desktop/BGM.bank', mode=0x02010082
[LOG] SystemI::createSound                     :     FMOD_NONBLOCKING specified.  Putting into queue to be opened asynchronously!
[LOG] SystemI::createSoundInternal             :     exinfo->cbsize             = 224
[LOG] AsyncThread::add                         :     add sound to async queue : soundi = 0000025D353FCB98, queue head = 0000025E2DE55638, queue count = 1
[LOG] SystemI::createSoundInternal             :     exinfo->length             = 4632896
[LOG] SystemI::createSoundInternal             :     exinfo->fileoffset         = 9280
[LOG] SystemI::createSound                     :     filename = Assets/NekoOdyssey/Assets/FMOD/NekoOdyssey/Build/Desktop/BGM.bank : mode 02010082
[LOG] SystemI::createSoundInternal             :     exinfo->numsubsounds       = 1
[LOG] SystemI::createSound                     :     FMOD_NONBLOCKING specified.  Putting into queue to be opened asynchronously!
[LOG] SystemI::createSoundInternal             :     exinfo->inclusionlist      = 0000025E7ECCBE30
[LOG] AsyncThread::add                         :     add sound to async queue : soundi = 0000025D353FBC68, queue head = 0000025E2DE55638, queue count = 2
[LOG] SystemI::createSoundInternal             :     exinfo->inclusionlistnum   = 1
[LOG] SystemI::createSoundInternal             :     exinfo->suggestedsoundtype = 5
[LOG] SystemI::createSound                     :     filename = Assets/NekoOdyssey/Assets/FMOD/NekoOdyssey/Build/Desktop/Ambience.bank : mode 02010082
[LOG] SystemI::createSoundInternal             :     exinfo->initialseekpostype = 1
[LOG] SystemI::createSound                     :     FMOD_NONBLOCKING specified.  Putting into queue to be opened asynchronously!
[LOG] AsyncThread::add                         :     add sound to async queue : soundi = 0000025D353FD918, queue head = 0000025E2DE55638, queue count = 3
[LOG] SystemI::createSound                     :     filename = Assets/NekoOdyssey/Assets/FMOD/NekoOdyssey/Build/Desktop/Ambience.bank : mode 02010082
[LOG] SystemI::createSound                     :     FMOD_NONBLOCKING specified.  Putting into queue to be opened asynchronously!
[LOG] AsyncThread::add                         :     add sound to async queue : soundi = 0000025D353FED58, queue head = 0000025E2DE55638, queue count = 4
[LOG] SystemI::createSound                     :     filename = Assets/NekoOdyssey/Assets/FMOD/NekoOdyssey/Build/Desktop/Ambience.bank : mode 02010082
[LOG] SystemI::createSound                     :     FMOD_NONBLOCKING specified.  Putting into queue to be opened asynchronously!
[LOG] AsyncThread::add                         :     add sound to async queue : soundi = 0000025D353FC178, queue head = 0000025E2DE55638, queue count = 5
[LOG] SystemI::createSoundInternal             :     Stream 0/1: name='BGM Evening Town {Dim Sound]', format=5, channels=2, frequency=48000, lengthbytes=1102720, lengthpcm=4114286, pcmblocksize=0, loopstart=0, loopend=0, mode=0x00000000, channelmask=0x00000000, channelorder=0, peakvolume=0.373242.
[LOG] AsyncThread::threadFunc                  : Finished Asynchronous operation on sound 0000025D353FD0A8
[LOG] AsyncThread::threadFunc                  : Starting Asynchronous operation on sound 0000025D353FCD48
[LOG] SystemI::createSoundInternal             :     Create name='Assets/NekoOdyssey/Assets/FMOD/NekoOdyssey/Build/Desktop/BGM.bank', mode=0x02010082
[LOG] SystemI::createSoundInternal             :     exinfo->cbsize             = 224
[LOG] SystemI::createSoundInternal             :     exinfo->length             = 4632896
[LOG] SystemI::createSoundInternal             :     exinfo->fileoffset         = 9280
[LOG] SystemI::createSoundInternal             :     exinfo->numsubsounds       = 1
[LOG] SystemI::createSoundInternal             :     exinfo->inclusionlist      = 0000025E7ECCB6B0
[LOG] SystemI::createSoundInternal             :     exinfo->inclusionlistnum   = 1
[LOG] SystemI::createSoundInternal             :     exinfo->suggestedsoundtype = 5
[LOG] SystemI::createSoundInternal             :     exinfo->initialseekpostype = 1
[LOG] SystemI::createSoundInternal             :     Stream 0/1: name='BGM Night town [Dim Sound]', format=5, channels=2, frequency=48000, lengthbytes=1085088, lengthpcm=4166809, pcmblocksize=0, loopstart=0, loopend=0, mode=0x00000000, channelmask=0x00000000, channelorder=0, peakvolume=0.145840.
[LOG] AsyncThread::threadFunc                  : Finished Asynchronous operation on sound 0000025D353FCD48
[LOG] AsyncThread::threadFunc                  : Starting Asynchronous operation on sound 0000025D353FCB98
[LOG] SystemI::createSoundInternal             :     Create name='Assets/NekoOdyssey/Assets/FMOD/NekoOdyssey/Build/Desktop/Ambience.bank', mode=0x02010082
[LOG] SystemI::createSoundInternal             :     exinfo->cbsize             = 224
[LOG] SystemI::createSoundInternal             :     exinfo->length             = 3741952
[LOG] SystemI::createSoundInternal             :     exinfo->fileoffset         = 10048
[LOG] SystemI::createSoundInternal             :     exinfo->numsubsounds       = 1
[LOG] SystemI::createSoundInternal             :     exinfo->inclusionlist      = 0000025E7ECCBCF0
[LOG] SystemI::createSoundInternal             :     exinfo->inclusionlistnum   = 1
[LOG] SystemI::createSoundInternal             :     exinfo->suggestedsoundtype = 5
[LOG] SystemI::createSoundInternal             :     exinfo->initialseekpostype = 1
[LOG] SystemI::createSoundInternal             :     Stream 0/1: name='Morning Bird Amb', format=5, channels=2, frequency=48000, lengthbytes=368960, lengthpcm=1440000, pcmblocksize=0, loopstart=0, loopend=0, mode=0x00000000, channelmask=0x00000000, channelorder=0, peakvolume=0.231785.
[LOG] AsyncThread::threadFunc                  : Finished Asynchronous operation on sound 0000025D353FCB98
[LOG] AsyncThread::threadFunc                  : Starting Asynchronous operation on sound 0000025D353FBC68
[LOG] SystemI::createSoundInternal             :     Create name='Assets/NekoOdyssey/Assets/FMOD/NekoOdyssey/Build/Desktop/BGM.bank', mode=0x02010082
[LOG] SystemI::createSoundInternal             :     exinfo->cbsize             = 224
[LOG] SystemI::createSoundInternal             :     exinfo->length             = 4632896
[LOG] SystemI::createSoundInternal             :     exinfo->fileoffset         = 9280
[LOG] SystemI::createSoundInternal             :     exinfo->numsubsounds       = 1
[LOG] SystemI::createSoundInternal             :     exinfo->inclusionlist      = 0000025E7ECCBA70
[LOG] SystemI::createSoundInternal             :     exinfo->inclusionlistnum   = 1
[LOG] SystemI::createSoundInternal             :     exinfo->suggestedsoundtype = 5
[LOG] SystemI::createSoundInternal             :     exinfo->initialseekpostype = 1
[LOG] SystemI::createSoundInternal             :     Stream 0/1: name='BGM Town Walking [Dim Sound]', format=5, channels=2, frequency=48000, lengthbytes=1222080, lengthpcm=4096000, pcmblocksize=0, loopstart=0, loopend=0, mode=0x00000000, channelmask=0x00000000, channelorder=0, peakvolume=0.599935.
[LOG] AsyncThread::threadFunc                  : Finished Asynchronous operation on sound 0000025D353FBC68
[LOG] AsyncThread::threadFunc                  : Starting Asynchronous operation on sound 0000025D353FD918
[LOG] SystemI::createSoundInternal             :     Create name='Assets/NekoOdyssey/Assets/FMOD/NekoOdyssey/Build/Desktop/Ambience.bank', mode=0x02010082
[LOG] SystemI::createSoundInternal             :     exinfo->cbsize             = 224
[LOG] SystemI::createSoundInternal             :     exinfo->length             = 3741952
[LOG] SystemI::createSoundInternal             :     exinfo->fileoffset         = 10048
[LOG] SystemI::createSoundInternal             :     exinfo->numsubsounds       = 1
[LOG] SystemI::createSoundInternal             :     exinfo->inclusionlist      = 0000025E7ECCB1B0
[LOG] SystemI::createSoundInternal             :     exinfo->inclusionlistnum   = 1
[LOG] SystemI::createSoundInternal             :     exinfo->suggestedsoundtype = 5
[LOG] SystemI::createSoundInternal             :     exinfo->initialseekpostype = 1
[LOG] SystemI::createSoundInternal             :     Stream 0/1: name='Night Forest Owl Amb', format=5, channels=2, frequency=48000, lengthbytes=378144, lengthpcm=1440000, pcmblocksize=0, loopstart=0, loopend=0, mode=0x00000000, channelmask=0x00000000, channelorder=0, peakvolume=0.144870.
[LOG] AsyncThread::threadFunc                  : Finished Asynchronous operation on sound 0000025D353FD918
[LOG] AsyncThread::threadFunc                  : Starting Asynchronous operation on sound 0000025D353FED58
[LOG] SystemI::createSoundInternal             :     Create name='Assets/NekoOdyssey/Assets/FMOD/NekoOdyssey/Build/Desktop/Ambience.bank', mode=0x02010082
[LOG] SystemI::createSoundInternal             :     exinfo->cbsize             = 224
[LOG] SystemI::createSoundInternal             :     exinfo->length             = 3741952
[LOG] SystemI::createSoundInternal             :     exinfo->fileoffset         = 10048
[LOG] SystemI::createSoundInternal             :     exinfo->numsubsounds       = 1
[LOG] SystemI::createSoundInternal             :     exinfo->inclusionlist      = 0000025E7ECCBF70
[LOG] SystemI::createSoundInternal             :     exinfo->inclusionlistnum   = 1
[LOG] SystemI::createSoundInternal             :     exinfo->suggestedsoundtype = 5
[LOG] SystemI::createSoundInternal             :     exinfo->initialseekpostype = 1
[LOG] SystemI::createSoundInternal             :     Stream 0/1: name='Evening Crow Amb', format=5, channels=2, frequency=48000, lengthbytes=379328, lengthpcm=1440000, pcmblocksize=0, loopstart=0, loopend=0, mode=0x00000000, channelmask=0x00000000, channelorder=0, peakvolume=0.123166.
[LOG] AsyncThread::threadFunc                  : Finished Asynchronous operation on sound 0000025D353FED58
[LOG] AsyncThread::threadFunc                  : Starting Asynchronous operation on sound 0000025D353FC178
[LOG] SystemI::createSoundInternal             :     Create name='Assets/NekoOdyssey/Assets/FMOD/NekoOdyssey/Build/Desktop/Ambience.bank', mode=0x02010082
[LOG] SystemI::createSoundInternal             :     exinfo->cbsize             = 224
[LOG] SystemI::createSoundInternal             :     exinfo->length             = 3741952
[LOG] SystemI::createSoundInternal             :     exinfo->fileoffset         = 10048
[LOG] SystemI::createSoundInternal             :     exinfo->numsubsounds       = 1
[LOG] SystemI::createSoundInternal             :     exinfo->inclusionlist      = 0000025E7ECCBBB0
[LOG] SystemI::createSoundInternal             :     exinfo->inclusionlistnum   = 1
[LOG] SystemI::createSoundInternal             :     exinfo->suggestedsoundtype = 5
[LOG] SystemI::createSoundInternal             :     exinfo->initialseekpostype = 1
[LOG] SystemI::createSoundInternal             :     Stream 0/1: name='Town Amb', format=5, channels=2, frequency=48000, lengthbytes=368000, lengthpcm=1440000, pcmblocksize=0, loopstart=0, loopend=0, mode=0x00000000, channelmask=0x00000000, channelorder=0, peakvolume=0.024024.
[LOG] AsyncThread::threadFunc                  : Finished Asynchronous operation on sound 0000025D353FC178
[LOG] AsyncThread::add                         : add sound to async queue : soundi = 0000025D353FDE28, queue head = 0000025E2DE55638, queue count = 0
[LOG] AsyncThread::threadFunc                  : Starting Asynchronous operation on sound 0000025D353FDE28
[LOG] AsyncThread::threadFunc                  : Finished Asynchronous operation on sound 0000025D353FDE28
[LOG] SoundI::release                          : Night Forest Owl Amb (0000025D353FD918)
[LOG] SoundI::release                          :     Night Forest Owl Amb (0000025D26AA6968)
[LOG] SoundI::release                          :     Night Forest Owl Amb (0000025D353FD408)
[LOG] SoundI::release                          : BGM Town Walking [Dim Sound] (0000025D353FBC68)
[LOG] SoundI::release                          :     BGM Town Walking [Dim Sound] (0000025D26AA6E48)
[LOG] SoundI::release                          :     BGM Town Walking [Dim Sound] (0000025D353FD258)
[LOG] SoundI::release                          : Morning Bird Amb (0000025D353FCB98)
[LOG] SoundI::release                          :     Morning Bird Amb (0000025D26AA8848)
[LOG] SoundI::release                          :     Morning Bird Amb (0000025D353FBAB8)
[LOG] SoundI::release                          : BGM Night town [Dim Sound] (0000025D353FCD48)
[LOG] SoundI::release                          :     BGM Night town [Dim Sound] (0000025D26AAA248)
[LOG] SoundI::release                          :     BGM Night town [Dim Sound] (0000025D353FEF08)
[LOG] SoundI::release                          : Town Amb (0000025D353FC178)
[LOG] SoundI::release                          :     Town Amb (0000025D26AA7668)
[LOG] SoundI::release                          :     Town Amb (0000025D353FFE38)
[LOG] SoundI::release                          : Evening Crow Amb (0000025D353FED58)
[LOG] SoundI::release                          :     Evening Crow Amb (0000025D26AA6FE8)
[LOG] SoundI::release                          :     Evening Crow Amb (0000025D353FDE28)
[LOG] SoundI::release                          : BGM Evening Town {Dim Sound] (0000025D353FD0A8)
[LOG] SoundI::release                          :     BGM Evening Town {Dim Sound] (0000025D26AA7E88)
[LOG] SoundI::release                          :     BGM Evening Town {Dim Sound] (0000025D353FB758)
[WRN] ObjectLookup::get                        : Lookup failed for EventModel: {00000000-0000-0000-0000-000000000000}
[LOG] SystemI::createSound                     : filename = Assets/NekoOdyssey/Assets/FMOD/NekoOdyssey/Build/Desktop/BGM.bank : mode 02010082
[LOG] SystemI::createSound                     : FMOD_NONBLOCKING specified.  Putting into queue to be opened asynchronously!
[LOG] AsyncThread::add                         : add sound to async queue : soundi = 0000025D35B72CB8, queue head = 0000025E2DE55638, queue count = 0
[LOG] SystemI::createSound                     : filename = Assets/NekoOdyssey/Assets/FMOD/NekoOdyssey/Build/Desktop/Ambience.bank : mode 02010082
[LOG] SystemI::createSound                     : FMOD_NONBLOCKING specified.  Putting into queue to be opened asynchronously!
[LOG] AsyncThread::add                         : add sound to async queue : soundi = 0000025D35B6CE38, queue head = 0000025E2DE55638, queue count = 1
[LOG] SystemI::createSound                     : filename = Assets/NekoOdyssey/Assets/FMOD/NekoOdyssey/Build/Desktop/BGM.bank : mode 02010082
[LOG] AsyncThread::threadFunc                  : Starting Asynchronous operation on sound 0000025D35B72CB8
[LOG] SystemI::createSound                     : FMOD_NONBLOCKING specified.  Putting into queue to be opened asynchronously!
[LOG] SystemI::createSoundInternal             :     Create name='Assets/NekoOdyssey/Assets/FMOD/NekoOdyssey/Build/Desktop/BGM.bank', mode=0x02010082
[LOG] AsyncThread::add                         :     add sound to async queue : soundi = 0000025D35B71D88, queue head = 0000025E2DE55638, queue count = 1
[LOG] SystemI::createSoundInternal             :     exinfo->cbsize             = 224
[LOG] SystemI::createSoundInternal             :     exinfo->length             = 4632896
[LOG] SystemI::createSoundInternal             :     exinfo->fileoffset         = 9280
[LOG] SystemI::createSoundInternal             :     exinfo->numsubsounds       = 1
[LOG] SystemI::createSound                     :     filename = Assets/NekoOdyssey/Assets/FMOD/NekoOdyssey/Build/Desktop/Ambience.bank : mode 02010082
[LOG] SystemI::createSoundInternal             :     exinfo->inclusionlist      = 0000025E7ECCBA70
[LOG] SystemI::createSound                     :     FMOD_NONBLOCKING specified.  Putting into queue to be opened asynchronously!
[LOG] SystemI::createSoundInternal             :     exinfo->inclusionlistnum   = 1
[LOG] AsyncThread::add                         :     add sound to async queue : soundi = 0000025D35B6E428, queue head = 0000025E2DE55638, queue count = 2
[LOG] SystemI::createSoundInternal             :     exinfo->suggestedsoundtype = 5
[LOG] SystemI::createSoundInternal             :     exinfo->initialseekpostype = 1
[LOG] SystemI::createSound                     :     filename = Assets/NekoOdyssey/Assets/FMOD/NekoOdyssey/Build/Desktop/BGM.bank : mode 02010082
[LOG] SystemI::createSound                     :     FMOD_NONBLOCKING specified.  Putting into queue to be opened asynchronously!
[LOG] AsyncThread::add                         :     add sound to async queue : soundi = 0000025D35B6E788, queue head = 0000025E2DE55638, queue count = 3
[LOG] SystemI::createSound                     :     filename = Assets/NekoOdyssey/Assets/FMOD/NekoOdyssey/Build/Desktop/Ambience.bank : mode 02010082
[LOG] SystemI::createSound                     :     FMOD_NONBLOCKING specified.  Putting into queue to be opened asynchronously!
[LOG] AsyncThread::add                         :     add sound to async queue : soundi = 0000025D35B6E938, queue head = 0000025E2DE55638, queue count = 4
[LOG] SystemI::createSoundInternal             :     Stream 0/1: name='BGM Night town [Dim Sound]', format=5, channels=2, frequency=48000, lengthbytes=1085088, lengthpcm=4166809, pcmblocksize=0, loopstart=0, loopend=0, mode=0x00000000, channelmask=0x00000000, channelorder=0, peakvolume=0.145840.
[LOG] AsyncThread::threadFunc                  : Finished Asynchronous operation on sound 0000025D35B72CB8
[LOG] AsyncThread::threadFunc                  : Starting Asynchronous operation on sound 0000025D35B6CE38
[LOG] SystemI::createSoundInternal             :     Create name='Assets/NekoOdyssey/Assets/FMOD/NekoOdyssey/Build/Desktop/Ambience.bank', mode=0x02010082
[LOG] SystemI::createSoundInternal             :     exinfo->cbsize             = 224
[LOG] SystemI::createSoundInternal             :     exinfo->length             = 3741952
[LOG] SystemI::createSoundInternal             :     exinfo->fileoffset         = 10048
[LOG] SystemI::createSoundInternal             :     exinfo->numsubsounds       = 1
[LOG] SystemI::createSoundInternal             :     exinfo->inclusionlist      = 0000025E7ECCBBB0
[LOG] SystemI::createSoundInternal             :     exinfo->inclusionlistnum   = 1
[LOG] SystemI::createSoundInternal             :     exinfo->suggestedsoundtype = 5
[LOG] SystemI::createSoundInternal             :     exinfo->initialseekpostype = 1
[LOG] SystemI::createSoundInternal             :     Stream 0/1: name='Night Forest Owl Amb', format=5, channels=2, frequency=48000, lengthbytes=378144, lengthpcm=1440000, pcmblocksize=0, loopstart=0, loopend=0, mode=0x00000000, channelmask=0x00000000, channelorder=0, peakvolume=0.144870.
[LOG] AsyncThread::threadFunc                  : Finished Asynchronous operation on sound 0000025D35B6CE38
[LOG] AsyncThread::threadFunc                  : Starting Asynchronous operation on sound 0000025D35B71D88
[LOG] SystemI::createSoundInternal             :     Create name='Assets/NekoOdyssey/Assets/FMOD/NekoOdyssey/Build/Desktop/BGM.bank', mode=0x02010082
[LOG] SystemI::createSoundInternal             :     exinfo->cbsize             = 224
[LOG] SystemI::createSoundInternal             :     exinfo->length             = 4632896
[LOG] SystemI::createSoundInternal             :     exinfo->fileoffset         = 9280
[LOG] SystemI::createSoundInternal             :     exinfo->numsubsounds       = 1
[LOG] SystemI::createSoundInternal             :     exinfo->inclusionlist      = 0000025E7ECCBF70
[LOG] SystemI::createSoundInternal             :     exinfo->inclusionlistnum   = 1
[LOG] SystemI::createSoundInternal             :     exinfo->suggestedsoundtype = 5
[LOG] SystemI::createSoundInternal             :     exinfo->initialseekpostype = 1
[LOG] SystemI::createSoundInternal             :     Stream 0/1: name='BGM Town Walking [Dim Sound]', format=5, channels=2, frequency=48000, lengthbytes=1222080, lengthpcm=4096000, pcmblocksize=0, loopstart=0, loopend=0, mode=0x00000000, channelmask=0x00000000, channelorder=0, peakvolume=0.599935.
[LOG] AsyncThread::threadFunc                  : Finished Asynchronous operation on sound 0000025D35B71D88
[LOG] AsyncThread::threadFunc                  : Starting Asynchronous operation on sound 0000025D35B6E428
[LOG] SystemI::createSoundInternal             :     Create name='Assets/NekoOdyssey/Assets/FMOD/NekoOdyssey/Build/Desktop/Ambience.bank', mode=0x02010082
[LOG] SystemI::createSoundInternal             :     exinfo->cbsize             = 224
[LOG] SystemI::createSoundInternal             :     exinfo->length             = 3741952
[LOG] SystemI::createSoundInternal             :     exinfo->fileoffset         = 10048
[LOG] SystemI::createSoundInternal             :     exinfo->numsubsounds       = 1
[LOG] SystemI::createSoundInternal             :     exinfo->inclusionlist      = 0000025E7ECCB6B0
[LOG] SystemI::createSoundInternal             :     exinfo->inclusionlistnum   = 1
[LOG] SystemI::createSoundInternal             :     exinfo->suggestedsoundtype = 5
[LOG] SystemI::createSoundInternal             :     exinfo->initialseekpostype = 1
[LOG] SystemI::createSoundInternal             :     Stream 0/1: name='Evening Crow Amb', format=5, channels=2, frequency=48000, lengthbytes=379328, lengthpcm=1440000, pcmblocksize=0, loopstart=0, loopend=0, mode=0x00000000, channelmask=0x00000000, channelorder=0, peakvolume=0.123166.
[LOG] AsyncThread::threadFunc                  : Finished Asynchronous operation on sound 0000025D35B6E428
[LOG] AsyncThread::threadFunc                  : Starting Asynchronous operation on sound 0000025D35B6E788
[LOG] SystemI::createSoundInternal             :     Create name='Assets/NekoOdyssey/Assets/FMOD/NekoOdyssey/Build/Desktop/BGM.bank', mode=0x02010082
[LOG] SystemI::createSoundInternal             :     exinfo->cbsize             = 224
[LOG] SystemI::createSoundInternal             :     exinfo->length             = 4632896
[LOG] SystemI::createSoundInternal             :     exinfo->fileoffset         = 9280
[LOG] SystemI::createSoundInternal             :     exinfo->numsubsounds       = 1
[LOG] SystemI::createSoundInternal             :     exinfo->inclusionlist      = 0000025E7ECCBE30
[LOG] SystemI::createSoundInternal             :     exinfo->inclusionlistnum   = 1
[LOG] SystemI::createSoundInternal             :     exinfo->suggestedsoundtype = 5
[LOG] SystemI::createSoundInternal             :     exinfo->initialseekpostype = 1
[LOG] SystemI::createSoundInternal             :     Stream 0/1: name='BGM Evening Town {Dim Sound]', format=5, channels=2, frequency=48000, lengthbytes=1102720, lengthpcm=4114286, pcmblocksize=0, loopstart=0, loopend=0, mode=0x00000000, channelmask=0x00000000, channelorder=0, peakvolume=0.373242.
[LOG] AsyncThread::threadFunc                  : Finished Asynchronous operation on sound 0000025D35B6E788
[LOG] AsyncThread::threadFunc                  : Starting Asynchronous operation on sound 0000025D35B6E938
[LOG] SystemI::createSoundInternal             :     Create name='Assets/NekoOdyssey/Assets/FMOD/NekoOdyssey/Build/Desktop/Ambience.bank', mode=0x02010082
[LOG] SystemI::createSoundInternal             :     exinfo->cbsize             = 224
[LOG] SystemI::createSoundInternal             :     exinfo->length             = 3741952
[LOG] SystemI::createSoundInternal             :     exinfo->fileoffset         = 10048
[LOG] SystemI::createSoundInternal             :     exinfo->numsubsounds       = 1
[LOG] SystemI::createSoundInternal             :     exinfo->inclusionlist      = 0000025E7ECCBCF0
[LOG] SystemI::createSoundInternal             :     exinfo->inclusionlistnum   = 1
[LOG] SystemI::createSoundInternal             :     exinfo->suggestedsoundtype = 5
[LOG] SystemI::createSoundInternal             :     exinfo->initialseekpostype = 1
[LOG] SystemI::createSoundInternal             :     Stream 0/1: name='Town Amb', format=5, channels=2, frequency=48000, lengthbytes=368000, lengthpcm=1440000, pcmblocksize=0, loopstart=0, loopend=0, mode=0x00000000, channelmask=0x00000000, channelorder=0, peakvolume=0.024024.
[LOG] AsyncThread::threadFunc                  : Finished Asynchronous operation on sound 0000025D35B6E938
[LOG] SoundI::release                          : BGM Town Walking [Dim Sound] (0000025D35B71D88)
[LOG] SoundI::release                          :     BGM Town Walking [Dim Sound] (0000025D26AA7188)
[LOG] SoundI::release                          :     BGM Town Walking [Dim Sound] (0000025D35B725F8)
[LOG] SoundI::release                          : Night Forest Owl Amb (0000025D35B6CE38)
[LOG] SoundI::release                          :     Night Forest Owl Amb (0000025D26AA86A8)
[LOG] SoundI::release                          :     Night Forest Owl Amb (0000025D35B731C8)
[LOG] SoundI::release                          : BGM Night town [Dim Sound] (0000025D35B72CB8)
[LOG] SoundI::release                          :     BGM Night town [Dim Sound] (0000025D26AAA248)
[LOG] SoundI::release                          :     BGM Night town [Dim Sound] (0000025D35B716C8)
[LOG] AsyncThread::add                         : add sound to async queue : soundi = 0000025D35B73528, queue head = 0000025E2DE55638, queue count = 0
[LOG] AsyncThread::threadFunc                  : Starting Asynchronous operation on sound 0000025D35B73528
[LOG] AsyncThread::threadFunc                  : Finished Asynchronous operation on sound 0000025D35B73528
[LOG] SoundI::release                          : Evening Crow Amb (0000025D35B6E428)
[LOG] SoundI::release                          :     Evening Crow Amb (0000025D26AA7808)
[LOG] SoundI::release                          :     Evening Crow Amb (0000025D35B73528)
[LOG] SoundI::release                          : Town Amb (0000025D35B6E938)
[LOG] SoundI::release                          :     Town Amb (0000025D26AA74C8)
[LOG] SoundI::release                          :     Town Amb (0000025D35B6F358)
[LOG] SoundI::release                          : BGM Evening Town {Dim Sound] (0000025D35B6E788)
[LOG] SoundI::release                          :     BGM Evening Town {Dim Sound] (0000025D26AA6968)
[LOG] SoundI::release                          :     BGM Evening Town {Dim Sound] (0000025D35B70AF8)
[LOG] SoundI::release                          :  (0000025E7FCCD9E8)
[LOG] SoundI::release                          :     SFX Camera Shutter v1 (0000025D26AA9BC8)
[LOG] SoundI::release                          :  (0000025E7FCCA068)
[LOG] SoundI::release                          :     SFX Camera Shutter v2 (0000025D26AA8508)
[LOG] SoundI::release                          :  (0000025E7FCCCA18)
[LOG] SoundI::release                          :     SFX WakeUp (0000025D26AA7328)
[LOG] SoundI::release                          :  (0000025D364D1CE8)
[LOG] SoundI::release                          :     SFX Footstep 01 (0000025D26AAA0A8)
[LOG] SoundI::release                          :  (0000025D364D1B78)
[LOG] SoundI::release                          :     SFX Footstep 02 (0000025D26AAA3E8)
[LOG] SoundI::release                          :  (0000025D364D1E58)
[LOG] SoundI::release                          :     SFX Footstep 03 (0000025D26AA6B08)
[LOG] SoundI::release                          :  (0000025D364D1FC8)
[LOG] SoundI::release                          :     SFX Footstep 04 (0000025D26AA6CA8)
[LOG] Thread::callback                         : FMOD Studio update thread finished.
[LOG] Thread::callback                         : FMOD Studio bank load thread finished.
[LOG] Profile::disconnectAll                   : Profiler disconnecting all clients
[LOG] Thread::callback                         : FMOD Studio sample load thread finished.
[LOG] LiveUpdate::release                      : 
[LOG] LiveUpdate::reset                        : Reset connection (reason Disconnected)
[LOG] Thread::callback                         : FMOD stream thread finished.
[LOG] Thread::callback                         : FMOD mixer thread finished.
[LOG] Profile::disconnectAll                   : Profiler disconnecting all clients
[LOG] SystemI::close                           : Closed.
[ERR] assert                                   : assertion: 'gSystemInitCount == 0' failed
